[debug] [2020-11-04T04:27:16.882Z] ----------------------------------------------------------------------
[debug] [2020-11-04T04:27:16.883Z] Command:       /usr/local/bin/node /usr/local/bin/firebase emulators:start
[debug] [2020-11-04T04:27:16.884Z] CLI Version:   8.14.0
[debug] [2020-11-04T04:27:16.884Z] Platform:      darwin
[debug] [2020-11-04T04:27:16.884Z] Node Version:  v12.19.0
[debug] [2020-11-04T04:27:16.885Z] Time:          Tue Nov 03 2020 20:27:16 GMT-0800 (Pacific Standard Time)
[debug] [2020-11-04T04:27:16.885Z] ----------------------------------------------------------------------
[debug] [2020-11-04T04:27:16.885Z] 
[debug] [2020-11-04T04:27:16.890Z] > command requires scopes: ["email","openid","https://www.googleapis.com/auth/cloudplatformprojects.readonly","https://www.googleapis.com/auth/firebase","https://www.googleapis.com/auth/cloud-platform"]
[debug] [2020-11-04T04:27:16.890Z] > authorizing via signed-in user
[info] i  emulators: Starting emulators: functions, hosting {"metadata":{"emulator":{"name":"hub"},"message":"Starting emulators: functions, hosting"}}
[debug] [2020-11-04T04:27:16.905Z] [hub] writing locator at /var/folders/d3/k25l41q57mq33qx3rdd50whh0000gn/T/hub-clone-61bbc.json
[warn] ⚠  functions: The following emulators are not running, calls to these services from the Functions emulator will affect production: auth, firestore, database, pubsub {"metadata":{"emulator":{"name":"functions"},"message":"The following emulators are not running, calls to these services from the Functions emulator will affect production: \u001b[1mauth, firestore, database, pubsub\u001b[22m"}}
[info] ✔  functions: Using node@12 from host. {"metadata":{"emulator":{"name":"functions"},"message":"Using node@12 from host."}}
[debug] [2020-11-04T04:27:16.936Z] defaultcredentials: writing to file /Users/chrispafiolis/.config/firebase/jashan_khela_gmail.com_application_default_credentials.json
[debug] [2020-11-04T04:27:16.939Z] Setting GAC to /Users/chrispafiolis/.config/firebase/jashan_khela_gmail.com_application_default_credentials.json {"metadata":{"emulator":{"name":"functions"},"message":"Setting GAC to /Users/chrispafiolis/.config/firebase/jashan_khela_gmail.com_application_default_credentials.json"}}
[debug] [2020-11-04T04:27:17.097Z] >>> HTTP REQUEST GET https://firebase.googleapis.com/v1beta1/projects/clone-61bbc/webApps/-/config  
 
[debug] [2020-11-04T04:27:17.674Z] <<< HTTP RESPONSE 200 {"content-type":"application/json; charset=UTF-8","vary":"X-Origin, Referer, Origin,Accept-Encoding","date":"Wed, 04 Nov 2020 04:27:17 GMT","server":"ESF","cache-control":"private","x-xss-protection":"0","x-frame-options":"SAMEORIGIN","x-content-type-options":"nosniff","alt-svc":"h3-Q050=\":443\"; ma=2592000,h3-29=\":443\"; ma=2592000,h3-T051=\":443\"; ma=2592000,h3-T050=\":443\"; ma=2592000,h3-Q046=\":443\"; ma=2592000,h3-Q043=\":443\"; ma=2592000,quic=\":443\"; ma=2592000; v=\"46,43\"","accept-ranges":"none","transfer-encoding":"chunked"}
[info] i  hosting: Serving hosting files from: build {"metadata":{"emulator":{"name":"hosting"},"message":"Serving hosting files from: \u001b[1mbuild\u001b[22m"}}
[info] ✔  hosting: Local server: http://localhost:5000 {"metadata":{"emulator":{"name":"hosting"},"message":"Local server: \u001b[4m\u001b[1mhttp://localhost:5000\u001b[22m\u001b[24m"}}
[debug] [2020-11-04T04:27:18.218Z] Ignoring unsupported arg: auto_download {"metadata":{"emulator":{"name":"ui"},"message":"Ignoring unsupported arg: auto_download"}}
[debug] [2020-11-04T04:27:18.219Z] Ignoring unsupported arg: port {"metadata":{"emulator":{"name":"ui"},"message":"Ignoring unsupported arg: port"}}
[debug] [2020-11-04T04:27:18.219Z] Starting Emulator UI with command {"binary":"node","args":["/Users/chrispafiolis/.cache/firebase/emulators/ui-v1.2.2/server.bundle.js"],"optionalArgs":[],"joinArgs":false} {"metadata":{"emulator":{"name":"ui"},"message":"Starting Emulator UI with command {\"binary\":\"node\",\"args\":[\"/Users/chrispafiolis/.cache/firebase/emulators/ui-v1.2.2/server.bundle.js\"],\"optionalArgs\":[],\"joinArgs\":false}"}}
[info] i  ui: Emulator UI logging to ui-debug.log {"metadata":{"emulator":{"name":"ui"},"message":"Emulator UI logging to \u001b[1mui-debug.log\u001b[22m"}}
[debug] [2020-11-04T04:27:18.317Z] Web / API server started at http://localhost:4000
 {"metadata":{"emulator":{"name":"ui"},"message":"Web / API server started at http://localhost:4000\n"}}
[info] i  functions: Watching "/Users/chrispafiolis/Documents/GitHub/amazon-clone/functions" for Cloud Functions... {"metadata":{"emulator":{"name":"functions"},"message":"Watching \"/Users/chrispafiolis/Documents/GitHub/amazon-clone/functions\" for Cloud Functions..."}}
[debug] [2020-11-04T04:27:18.497Z] [worker-pool] addWorker(~diagnostic~) {"metadata":{"emulator":{"name":"functions"},"message":"[worker-pool] addWorker(~diagnostic~)"}}
[debug] [2020-11-04T04:27:18.497Z] [worker-pool] Adding worker with key ~diagnostic~, total=1 {"metadata":{"emulator":{"name":"functions"},"message":"[worker-pool] Adding worker with key ~diagnostic~, total=1"}}
[debug] [2020-11-04T04:27:18.497Z] [worker-pool] submitWork(triggerId=) {"metadata":{"emulator":{"name":"functions"},"message":"[worker-pool] submitWork(triggerId=)"}}
[debug] [2020-11-04T04:27:18.498Z] [worker-~diagnostic~-985f051a-e6e0-4c51-872c-db19c64cce0d]: Assigning socketPath: /var/folders/d3/k25l41q57mq33qx3rdd50whh0000gn/T/fire_emu_18038.sock {"metadata":{"emulator":{"name":"functions"},"message":"[worker-~diagnostic~-985f051a-e6e0-4c51-872c-db19c64cce0d]: Assigning socketPath: /var/folders/d3/k25l41q57mq33qx3rdd50whh0000gn/T/fire_emu_18038.sock"}}
[debug] [2020-11-04T04:27:18.498Z] [worker-~diagnostic~-985f051a-e6e0-4c51-872c-db19c64cce0d]: BUSY {"metadata":{"emulator":{"name":"functions"},"message":"[worker-~diagnostic~-985f051a-e6e0-4c51-872c-db19c64cce0d]: BUSY"}}
[debug] [2020-11-04T04:27:18.726Z] [runtime-status] [18038] Functions runtime initialized. {"cwd":"/Users/chrispafiolis/Documents/GitHub/amazon-clone/functions","node_version":"12.19.0"} {"metadata":{"emulator":{"name":"functions"},"message":"[runtime-status] [18038] Functions runtime initialized. {\"cwd\":\"/Users/chrispafiolis/Documents/GitHub/amazon-clone/functions\",\"node_version\":\"12.19.0\"}"}}
[debug] [2020-11-04T04:27:18.728Z] [runtime-status] [18038] Disabled runtime features: undefined {"metadata":{"emulator":{"name":"functions"},"message":"[runtime-status] [18038] Disabled runtime features: undefined"}}
[debug] [2020-11-04T04:27:18.730Z] [runtime-status] [18038] Resolved module firebase-admin {"declared":true,"installed":true,"version":"9.3.0","resolution":"/Users/chrispafiolis/Documents/GitHub/amazon-clone/functions/node_modules/firebase-admin/lib/index.js"} {"metadata":{"emulator":{"name":"functions"},"message":"[runtime-status] [18038] Resolved module firebase-admin {\"declared\":true,\"installed\":true,\"version\":\"9.3.0\",\"resolution\":\"/Users/chrispafiolis/Documents/GitHub/amazon-clone/functions/node_modules/firebase-admin/lib/index.js\"}"}}
[debug] [2020-11-04T04:27:18.732Z] [runtime-status] [18038] Resolved module firebase-functions {"declared":true,"installed":true,"version":"3.11.0","resolution":"/Users/chrispafiolis/Documents/GitHub/amazon-clone/functions/node_modules/firebase-functions/lib/index.js"} {"metadata":{"emulator":{"name":"functions"},"message":"[runtime-status] [18038] Resolved module firebase-functions {\"declared\":true,\"installed\":true,\"version\":\"3.11.0\",\"resolution\":\"/Users/chrispafiolis/Documents/GitHub/amazon-clone/functions/node_modules/firebase-functions/lib/index.js\"}"}}
[debug] [2020-11-04T04:27:18.732Z] [runtime-status] [18038] Resolved module firebase-functions {"declared":true,"installed":true,"version":"3.11.0","resolution":"/Users/chrispafiolis/Documents/GitHub/amazon-clone/functions/node_modules/firebase-functions/lib/index.js"} {"metadata":{"emulator":{"name":"functions"},"message":"[runtime-status] [18038] Resolved module firebase-functions {\"declared\":true,\"installed\":true,\"version\":\"3.11.0\",\"resolution\":\"/Users/chrispafiolis/Documents/GitHub/amazon-clone/functions/node_modules/firebase-functions/lib/index.js\"}"}}
[debug] [2020-11-04T04:27:18.734Z] [runtime-status] [18038] Outgoing network have been stubbed. [{"name":"http","status":"mocked"},{"name":"http","status":"mocked"},{"name":"https","status":"mocked"},{"name":"https","status":"mocked"},{"name":"net","status":"mocked"}] {"metadata":{"emulator":{"name":"functions"},"message":"[runtime-status] [18038] Outgoing network have been stubbed. [{\"name\":\"http\",\"status\":\"mocked\"},{\"name\":\"http\",\"status\":\"mocked\"},{\"name\":\"https\",\"status\":\"mocked\"},{\"name\":\"https\",\"status\":\"mocked\"},{\"name\":\"net\",\"status\":\"mocked\"}]"}}
[debug] [2020-11-04T04:27:18.735Z] [runtime-status] [18038] Resolved module firebase-functions {"declared":true,"installed":true,"version":"3.11.0","resolution":"/Users/chrispafiolis/Documents/GitHub/amazon-clone/functions/node_modules/firebase-functions/lib/index.js"} {"metadata":{"emulator":{"name":"functions"},"message":"[runtime-status] [18038] Resolved module firebase-functions {\"declared\":true,\"installed\":true,\"version\":\"3.11.0\",\"resolution\":\"/Users/chrispafiolis/Documents/GitHub/amazon-clone/functions/node_modules/firebase-functions/lib/index.js\"}"}}
[debug] [2020-11-04T04:27:18.763Z] [runtime-status] [18038] Checked functions.config() {"config":{}} {"metadata":{"emulator":{"name":"functions"},"message":"[runtime-status] [18038] Checked functions.config() {\"config\":{}}"}}
[debug] [2020-11-04T04:27:18.763Z] [runtime-status] [18038] firebase-functions has been stubbed. {"functionsResolution":{"declared":true,"installed":true,"version":"3.11.0","resolution":"/Users/chrispafiolis/Documents/GitHub/amazon-clone/functions/node_modules/firebase-functions/lib/index.js"}} {"metadata":{"emulator":{"name":"functions"},"message":"[runtime-status] [18038] firebase-functions has been stubbed. {\"functionsResolution\":{\"declared\":true,\"installed\":true,\"version\":\"3.11.0\",\"resolution\":\"/Users/chrispafiolis/Documents/GitHub/amazon-clone/functions/node_modules/firebase-functions/lib/index.js\"}}"}}
[debug] [2020-11-04T04:27:18.764Z] [runtime-status] [18038] Resolved module firebase-functions {"declared":true,"installed":true,"version":"3.11.0","resolution":"/Users/chrispafiolis/Documents/GitHub/amazon-clone/functions/node_modules/firebase-functions/lib/index.js"} {"metadata":{"emulator":{"name":"functions"},"message":"[runtime-status] [18038] Resolved module firebase-functions {\"declared\":true,\"installed\":true,\"version\":\"3.11.0\",\"resolution\":\"/Users/chrispafiolis/Documents/GitHub/amazon-clone/functions/node_modules/firebase-functions/lib/index.js\"}"}}
[debug] [2020-11-04T04:27:18.765Z] [runtime-status] [18038] Resolved module firebase-admin {"declared":true,"installed":true,"version":"9.3.0","resolution":"/Users/chrispafiolis/Documents/GitHub/amazon-clone/functions/node_modules/firebase-admin/lib/index.js"} {"metadata":{"emulator":{"name":"functions"},"message":"[runtime-status] [18038] Resolved module firebase-admin {\"declared\":true,\"installed\":true,\"version\":\"9.3.0\",\"resolution\":\"/Users/chrispafiolis/Documents/GitHub/amazon-clone/functions/node_modules/firebase-admin/lib/index.js\"}"}}
[debug] [2020-11-04T04:27:18.765Z] [runtime-status] [18038] Resolved module firebase-functions {"declared":true,"installed":true,"version":"3.11.0","resolution":"/Users/chrispafiolis/Documents/GitHub/amazon-clone/functions/node_modules/firebase-functions/lib/index.js"} {"metadata":{"emulator":{"name":"functions"},"message":"[runtime-status] [18038] Resolved module firebase-functions {\"declared\":true,\"installed\":true,\"version\":\"3.11.0\",\"resolution\":\"/Users/chrispafiolis/Documents/GitHub/amazon-clone/functions/node_modules/firebase-functions/lib/index.js\"}"}}
[debug] [2020-11-04T04:27:18.765Z] [runtime-status] [18038] firebase-admin has been stubbed. {"adminResolution":{"declared":true,"installed":true,"version":"9.3.0","resolution":"/Users/chrispafiolis/Documents/GitHub/amazon-clone/functions/node_modules/firebase-admin/lib/index.js"}} {"metadata":{"emulator":{"name":"functions"},"message":"[runtime-status] [18038] firebase-admin has been stubbed. {\"adminResolution\":{\"declared\":true,\"installed\":true,\"version\":\"9.3.0\",\"resolution\":\"/Users/chrispafiolis/Documents/GitHub/amazon-clone/functions/node_modules/firebase-admin/lib/index.js\"}}"}}
[info] ✔  functions[api]: http function initialized (http://localhost:5001/clone-61bbc/us-central1/api). {"metadata":{"emulator":{"name":"functions"},"message":"\u001b[1mhttp\u001b[22m function initialized (http://localhost:5001/clone-61bbc/us-central1/api)."}}
[info] 
┌───────────────────────────────────────────────────────────────────────┐
│ ✔  All emulators ready! View status and logs at http://localhost:4000 │
└───────────────────────────────────────────────────────────────────────┘

┌───────────┬────────────────┬─────────────────────────────────┐
│ Emulator  │ Host:Port      │ View in Emulator UI             │
├───────────┼────────────────┼─────────────────────────────────┤
│ Functions │ localhost:5001 │ http://localhost:4000/functions │
├───────────┼────────────────┼─────────────────────────────────┤
│ Hosting   │ localhost:5000 │ n/a                             │
└───────────┴────────────────┴─────────────────────────────────┘
  Other reserved ports: 4400, 4500

Issues? Report them at https://github.com/firebase/firebase-tools/issues and attach the *-debug.log files.
 
[debug] [2020-11-04T04:27:18.859Z] [worker-~diagnostic~-985f051a-e6e0-4c51-872c-db19c64cce0d]: IDLE {"metadata":{"emulator":{"name":"functions"},"message":"[worker-~diagnostic~-985f051a-e6e0-4c51-872c-db19c64cce0d]: IDLE"}}
[debug] [2020-11-04T04:28:18.296Z] [work-queue] {"queueLength":1,"workRunningCount":0}
[debug] [2020-11-04T04:28:18.296Z] [work-queue] {"queueLength":0,"workRunningCount":1}
[debug] [2020-11-04T04:28:18.297Z] Accepted request GET /clone-61bbc/us-central1/api --> api
[debug] [2020-11-04T04:28:18.303Z] [worker-pool] addWorker(api) {"metadata":{"emulator":{"name":"functions"},"message":"[worker-pool] addWorker(api)"}}
[debug] [2020-11-04T04:28:18.303Z] [worker-pool] Adding worker with key api, total=1 {"metadata":{"emulator":{"name":"functions"},"message":"[worker-pool] Adding worker with key api, total=1"}}
[debug] [2020-11-04T04:28:18.303Z] [worker-pool] submitWork(triggerId=api) {"metadata":{"emulator":{"name":"functions"},"message":"[worker-pool] submitWork(triggerId=api)"}}
[debug] [2020-11-04T04:28:18.304Z] [worker-api-af837658-a4ae-4674-ad10-9967feeaed63]: Assigning socketPath: /var/folders/d3/k25l41q57mq33qx3rdd50whh0000gn/T/fire_emu_18070.sock {"metadata":{"emulator":{"name":"functions"},"message":"[worker-api-af837658-a4ae-4674-ad10-9967feeaed63]: Assigning socketPath: /var/folders/d3/k25l41q57mq33qx3rdd50whh0000gn/T/fire_emu_18070.sock"}}
[debug] [2020-11-04T04:28:18.304Z] [worker-api-af837658-a4ae-4674-ad10-9967feeaed63]: BUSY {"metadata":{"emulator":{"name":"functions"},"message":"[worker-api-af837658-a4ae-4674-ad10-9967feeaed63]: BUSY"}}
[debug] [2020-11-04T04:28:18.559Z] [runtime-status] [18070] Functions runtime initialized. {"cwd":"/Users/chrispafiolis/Documents/GitHub/amazon-clone/functions","node_version":"12.19.0"} {"metadata":{"emulator":{"name":"functions"},"function":{"name":"api"},"message":"[runtime-status] [18070] Functions runtime initialized. {\"cwd\":\"/Users/chrispafiolis/Documents/GitHub/amazon-clone/functions\",\"node_version\":\"12.19.0\"}"}}
[debug] [2020-11-04T04:28:18.561Z] [runtime-status] [18070] Disabled runtime features: undefined {"metadata":{"emulator":{"name":"functions"},"function":{"name":"api"},"message":"[runtime-status] [18070] Disabled runtime features: undefined"}}
[debug] [2020-11-04T04:28:18.563Z] [runtime-status] [18070] Resolved module firebase-admin {"declared":true,"installed":true,"version":"9.3.0","resolution":"/Users/chrispafiolis/Documents/GitHub/amazon-clone/functions/node_modules/firebase-admin/lib/index.js"} {"metadata":{"emulator":{"name":"functions"},"function":{"name":"api"},"message":"[runtime-status] [18070] Resolved module firebase-admin {\"declared\":true,\"installed\":true,\"version\":\"9.3.0\",\"resolution\":\"/Users/chrispafiolis/Documents/GitHub/amazon-clone/functions/node_modules/firebase-admin/lib/index.js\"}"}}
[debug] [2020-11-04T04:28:18.564Z] [runtime-status] [18070] Resolved module firebase-functions {"declared":true,"installed":true,"version":"3.11.0","resolution":"/Users/chrispafiolis/Documents/GitHub/amazon-clone/functions/node_modules/firebase-functions/lib/index.js"} {"metadata":{"emulator":{"name":"functions"},"function":{"name":"api"},"message":"[runtime-status] [18070] Resolved module firebase-functions {\"declared\":true,\"installed\":true,\"version\":\"3.11.0\",\"resolution\":\"/Users/chrispafiolis/Documents/GitHub/amazon-clone/functions/node_modules/firebase-functions/lib/index.js\"}"}}
[debug] [2020-11-04T04:28:18.565Z] [runtime-status] [18070] Resolved module firebase-functions {"declared":true,"installed":true,"version":"3.11.0","resolution":"/Users/chrispafiolis/Documents/GitHub/amazon-clone/functions/node_modules/firebase-functions/lib/index.js"} {"metadata":{"emulator":{"name":"functions"},"function":{"name":"api"},"message":"[runtime-status] [18070] Resolved module firebase-functions {\"declared\":true,\"installed\":true,\"version\":\"3.11.0\",\"resolution\":\"/Users/chrispafiolis/Documents/GitHub/amazon-clone/functions/node_modules/firebase-functions/lib/index.js\"}"}}
[debug] [2020-11-04T04:28:18.567Z] [runtime-status] [18070] Outgoing network have been stubbed. [{"name":"http","status":"mocked"},{"name":"http","status":"mocked"},{"name":"https","status":"mocked"},{"name":"https","status":"mocked"},{"name":"net","status":"mocked"}] {"metadata":{"emulator":{"name":"functions"},"function":{"name":"api"},"message":"[runtime-status] [18070] Outgoing network have been stubbed. [{\"name\":\"http\",\"status\":\"mocked\"},{\"name\":\"http\",\"status\":\"mocked\"},{\"name\":\"https\",\"status\":\"mocked\"},{\"name\":\"https\",\"status\":\"mocked\"},{\"name\":\"net\",\"status\":\"mocked\"}]"}}
[debug] [2020-11-04T04:28:18.567Z] [runtime-status] [18070] Resolved module firebase-functions {"declared":true,"installed":true,"version":"3.11.0","resolution":"/Users/chrispafiolis/Documents/GitHub/amazon-clone/functions/node_modules/firebase-functions/lib/index.js"} {"metadata":{"emulator":{"name":"functions"},"function":{"name":"api"},"message":"[runtime-status] [18070] Resolved module firebase-functions {\"declared\":true,\"installed\":true,\"version\":\"3.11.0\",\"resolution\":\"/Users/chrispafiolis/Documents/GitHub/amazon-clone/functions/node_modules/firebase-functions/lib/index.js\"}"}}
[debug] [2020-11-04T04:28:18.594Z] [runtime-status] [18070] Checked functions.config() {"config":{}} {"metadata":{"emulator":{"name":"functions"},"function":{"name":"api"},"message":"[runtime-status] [18070] Checked functions.config() {\"config\":{}}"}}
[debug] [2020-11-04T04:28:18.594Z] [runtime-status] [18070] firebase-functions has been stubbed. {"functionsResolution":{"declared":true,"installed":true,"version":"3.11.0","resolution":"/Users/chrispafiolis/Documents/GitHub/amazon-clone/functions/node_modules/firebase-functions/lib/index.js"}} {"metadata":{"emulator":{"name":"functions"},"function":{"name":"api"},"message":"[runtime-status] [18070] firebase-functions has been stubbed. {\"functionsResolution\":{\"declared\":true,\"installed\":true,\"version\":\"3.11.0\",\"resolution\":\"/Users/chrispafiolis/Documents/GitHub/amazon-clone/functions/node_modules/firebase-functions/lib/index.js\"}}"}}
[debug] [2020-11-04T04:28:18.594Z] [runtime-status] [18070] Resolved module firebase-functions {"declared":true,"installed":true,"version":"3.11.0","resolution":"/Users/chrispafiolis/Documents/GitHub/amazon-clone/functions/node_modules/firebase-functions/lib/index.js"} {"metadata":{"emulator":{"name":"functions"},"function":{"name":"api"},"message":"[runtime-status] [18070] Resolved module firebase-functions {\"declared\":true,\"installed\":true,\"version\":\"3.11.0\",\"resolution\":\"/Users/chrispafiolis/Documents/GitHub/amazon-clone/functions/node_modules/firebase-functions/lib/index.js\"}"}}
[debug] [2020-11-04T04:28:18.595Z] [runtime-status] [18070] Resolved module firebase-admin {"declared":true,"installed":true,"version":"9.3.0","resolution":"/Users/chrispafiolis/Documents/GitHub/amazon-clone/functions/node_modules/firebase-admin/lib/index.js"} {"metadata":{"emulator":{"name":"functions"},"function":{"name":"api"},"message":"[runtime-status] [18070] Resolved module firebase-admin {\"declared\":true,\"installed\":true,\"version\":\"9.3.0\",\"resolution\":\"/Users/chrispafiolis/Documents/GitHub/amazon-clone/functions/node_modules/firebase-admin/lib/index.js\"}"}}
[debug] [2020-11-04T04:28:18.596Z] [runtime-status] [18070] Resolved module firebase-functions {"declared":true,"installed":true,"version":"3.11.0","resolution":"/Users/chrispafiolis/Documents/GitHub/amazon-clone/functions/node_modules/firebase-functions/lib/index.js"} {"metadata":{"emulator":{"name":"functions"},"function":{"name":"api"},"message":"[runtime-status] [18070] Resolved module firebase-functions {\"declared\":true,\"installed\":true,\"version\":\"3.11.0\",\"resolution\":\"/Users/chrispafiolis/Documents/GitHub/amazon-clone/functions/node_modules/firebase-functions/lib/index.js\"}"}}
[debug] [2020-11-04T04:28:18.596Z] [runtime-status] [18070] firebase-admin has been stubbed. {"adminResolution":{"declared":true,"installed":true,"version":"9.3.0","resolution":"/Users/chrispafiolis/Documents/GitHub/amazon-clone/functions/node_modules/firebase-admin/lib/index.js"}} {"metadata":{"emulator":{"name":"functions"},"function":{"name":"api"},"message":"[runtime-status] [18070] firebase-admin has been stubbed. {\"adminResolution\":{\"declared\":true,\"installed\":true,\"version\":\"9.3.0\",\"resolution\":\"/Users/chrispafiolis/Documents/GitHub/amazon-clone/functions/node_modules/firebase-admin/lib/index.js\"}}"}}
[debug] [2020-11-04T04:28:18.669Z] [runtime-status] [18070] Trigger "api" has been found, beginning invocation! {"metadata":{"emulator":{"name":"functions"},"function":{"name":"api"},"message":"[runtime-status] [18070] Trigger \"api\" has been found, beginning invocation!"}}
[info] i  functions: Beginning execution of "api" {"metadata":{"emulator":{"name":"functions"},"function":{"name":"api"},"message":"Beginning execution of \"api\""}}
[debug] [2020-11-04T04:28:18.671Z] [runtime-status] [18070] triggerDefinition {"httpsTrigger":{},"name":"api","entryPoint":"api"} {"metadata":{"emulator":{"name":"functions"},"function":{"name":"api"},"message":"[runtime-status] [18070] triggerDefinition {\"httpsTrigger\":{},\"name\":\"api\",\"entryPoint\":\"api\"}"}}
[debug] [2020-11-04T04:28:18.671Z] [runtime-status] [18070] Running api in mode HTTPS {"metadata":{"emulator":{"name":"functions"},"function":{"name":"api"},"message":"[runtime-status] [18070] Running api in mode HTTPS"}}
[debug] [2020-11-04T04:28:18.673Z] [runtime-status] [18070] Attempting to listen to socketPath: /var/folders/d3/k25l41q57mq33qx3rdd50whh0000gn/T/fire_emu_18070.sock {"metadata":{"emulator":{"name":"functions"},"function":{"name":"api"},"message":"[runtime-status] [18070] Attempting to listen to socketPath: /var/folders/d3/k25l41q57mq33qx3rdd50whh0000gn/T/fire_emu_18070.sock"}}
[debug] [2020-11-04T04:28:18.676Z] [functions] Runtime ready! Sending request! {"metadata":{"emulator":{"name":"functions"},"message":"[functions] Runtime ready! Sending request!"}}
[debug] [2020-11-04T04:28:18.682Z] [runtime-status] [18070] Ephemeral server handling GET request {"metadata":{"emulator":{"name":"functions"},"function":{"name":"api"},"message":"[runtime-status] [18070] Ephemeral server handling GET request"}}
[debug] [2020-11-04T04:28:18.690Z] [runtime-status] [18070] Ephemeral server survived. {"metadata":{"emulator":{"name":"functions"},"function":{"name":"api"},"message":"[runtime-status] [18070] Ephemeral server survived."}}
[info] i  functions: Finished "api" in ~1s {"metadata":{"emulator":{"name":"functions"},"function":{"name":"api"},"message":"Finished \"api\" in ~1s"}}
[debug] [2020-11-04T04:28:18.693Z] [worker-api-af837658-a4ae-4674-ad10-9967feeaed63]: IDLE {"metadata":{"emulator":{"name":"functions"},"message":"[worker-api-af837658-a4ae-4674-ad10-9967feeaed63]: IDLE"}}
[debug] [2020-11-04T04:28:18.693Z] [work-queue] {"queueLength":0,"workRunningCount":0}
[debug] [2020-11-04T04:28:18.874Z] Functions emulator received unknown request at path /favicon.ico
[debug] [2020-11-04T04:29:49.168Z] File /Users/chrispafiolis/Documents/GitHub/amazon-clone/functions/index.js changed, reloading triggers {"metadata":{"emulator":{"name":"functions"},"message":"File /Users/chrispafiolis/Documents/GitHub/amazon-clone/functions/index.js changed, reloading triggers"}}
[debug] [2020-11-04T04:29:50.172Z] [worker-pool] Shutting down IDLE worker (~diagnostic~) {"metadata":{"emulator":{"name":"functions"},"message":"[worker-pool] Shutting down IDLE worker (~diagnostic~)"}}
[debug] [2020-11-04T04:29:50.173Z] [worker-~diagnostic~-985f051a-e6e0-4c51-872c-db19c64cce0d]: FINISHING {"metadata":{"emulator":{"name":"functions"},"message":"[worker-~diagnostic~-985f051a-e6e0-4c51-872c-db19c64cce0d]: FINISHING"}}
[debug] [2020-11-04T04:29:50.173Z] [worker-pool] Shutting down IDLE worker (api) {"metadata":{"emulator":{"name":"functions"},"message":"[worker-pool] Shutting down IDLE worker (api)"}}
[debug] [2020-11-04T04:29:50.173Z] [worker-api-af837658-a4ae-4674-ad10-9967feeaed63]: FINISHING {"metadata":{"emulator":{"name":"functions"},"message":"[worker-api-af837658-a4ae-4674-ad10-9967feeaed63]: FINISHING"}}
[debug] [2020-11-04T04:29:50.178Z] [worker-pool] addWorker(~diagnostic~) {"metadata":{"emulator":{"name":"functions"},"message":"[worker-pool] addWorker(~diagnostic~)"}}
[debug] [2020-11-04T04:29:50.179Z] [worker-pool] Adding worker with key ~diagnostic~, total=2 {"metadata":{"emulator":{"name":"functions"},"message":"[worker-pool] Adding worker with key ~diagnostic~, total=2"}}
[debug] [2020-11-04T04:29:50.179Z] [worker-pool] submitWork(triggerId=) {"metadata":{"emulator":{"name":"functions"},"message":"[worker-pool] submitWork(triggerId=)"}}
[debug] [2020-11-04T04:29:50.179Z] [worker-~diagnostic~-0aa55fa8-0fd7-473e-a03f-fd5f555d61e1]: Assigning socketPath: /var/folders/d3/k25l41q57mq33qx3rdd50whh0000gn/T/fire_emu_18084.sock {"metadata":{"emulator":{"name":"functions"},"message":"[worker-~diagnostic~-0aa55fa8-0fd7-473e-a03f-fd5f555d61e1]: Assigning socketPath: /var/folders/d3/k25l41q57mq33qx3rdd50whh0000gn/T/fire_emu_18084.sock"}}
[debug] [2020-11-04T04:29:50.179Z] [worker-~diagnostic~-0aa55fa8-0fd7-473e-a03f-fd5f555d61e1]: BUSY {"metadata":{"emulator":{"name":"functions"},"message":"[worker-~diagnostic~-0aa55fa8-0fd7-473e-a03f-fd5f555d61e1]: BUSY"}}
[debug] [2020-11-04T04:29:50.182Z] [worker-~diagnostic~-985f051a-e6e0-4c51-872c-db19c64cce0d]: exited {"metadata":{"emulator":{"name":"functions"},"message":"[worker-~diagnostic~-985f051a-e6e0-4c51-872c-db19c64cce0d]: exited"}}
[debug] [2020-11-04T04:29:50.182Z] [worker-~diagnostic~-985f051a-e6e0-4c51-872c-db19c64cce0d]: FINISHED {"metadata":{"emulator":{"name":"functions"},"message":"[worker-~diagnostic~-985f051a-e6e0-4c51-872c-db19c64cce0d]: FINISHED"}}
[debug] [2020-11-04T04:29:50.182Z] [worker-api-af837658-a4ae-4674-ad10-9967feeaed63]: exited {"metadata":{"emulator":{"name":"functions"},"message":"[worker-api-af837658-a4ae-4674-ad10-9967feeaed63]: exited"}}
[debug] [2020-11-04T04:29:50.182Z] [worker-api-af837658-a4ae-4674-ad10-9967feeaed63]: FINISHED {"metadata":{"emulator":{"name":"functions"},"message":"[worker-api-af837658-a4ae-4674-ad10-9967feeaed63]: FINISHED"}}
[debug] [2020-11-04T04:29:50.394Z] [runtime-status] [18084] Functions runtime initialized. {"cwd":"/Users/chrispafiolis/Documents/GitHub/amazon-clone/functions","node_version":"12.19.0"} {"metadata":{"emulator":{"name":"functions"},"message":"[runtime-status] [18084] Functions runtime initialized. {\"cwd\":\"/Users/chrispafiolis/Documents/GitHub/amazon-clone/functions\",\"node_version\":\"12.19.0\"}"}}
[debug] [2020-11-04T04:29:50.396Z] [runtime-status] [18084] Disabled runtime features: undefined {"metadata":{"emulator":{"name":"functions"},"message":"[runtime-status] [18084] Disabled runtime features: undefined"}}
[debug] [2020-11-04T04:29:50.398Z] [runtime-status] [18084] Resolved module firebase-admin {"declared":true,"installed":true,"version":"9.3.0","resolution":"/Users/chrispafiolis/Documents/GitHub/amazon-clone/functions/node_modules/firebase-admin/lib/index.js"} {"metadata":{"emulator":{"name":"functions"},"message":"[runtime-status] [18084] Resolved module firebase-admin {\"declared\":true,\"installed\":true,\"version\":\"9.3.0\",\"resolution\":\"/Users/chrispafiolis/Documents/GitHub/amazon-clone/functions/node_modules/firebase-admin/lib/index.js\"}"}}
[debug] [2020-11-04T04:29:50.400Z] [runtime-status] [18084] Resolved module firebase-functions {"declared":true,"installed":true,"version":"3.11.0","resolution":"/Users/chrispafiolis/Documents/GitHub/amazon-clone/functions/node_modules/firebase-functions/lib/index.js"} {"metadata":{"emulator":{"name":"functions"},"message":"[runtime-status] [18084] Resolved module firebase-functions {\"declared\":true,\"installed\":true,\"version\":\"3.11.0\",\"resolution\":\"/Users/chrispafiolis/Documents/GitHub/amazon-clone/functions/node_modules/firebase-functions/lib/index.js\"}"}}
[debug] [2020-11-04T04:29:50.400Z] [runtime-status] [18084] Resolved module firebase-functions {"declared":true,"installed":true,"version":"3.11.0","resolution":"/Users/chrispafiolis/Documents/GitHub/amazon-clone/functions/node_modules/firebase-functions/lib/index.js"} {"metadata":{"emulator":{"name":"functions"},"message":"[runtime-status] [18084] Resolved module firebase-functions {\"declared\":true,\"installed\":true,\"version\":\"3.11.0\",\"resolution\":\"/Users/chrispafiolis/Documents/GitHub/amazon-clone/functions/node_modules/firebase-functions/lib/index.js\"}"}}
[debug] [2020-11-04T04:29:50.402Z] [runtime-status] [18084] Outgoing network have been stubbed. [{"name":"http","status":"mocked"},{"name":"http","status":"mocked"},{"name":"https","status":"mocked"},{"name":"https","status":"mocked"},{"name":"net","status":"mocked"}] {"metadata":{"emulator":{"name":"functions"},"message":"[runtime-status] [18084] Outgoing network have been stubbed. [{\"name\":\"http\",\"status\":\"mocked\"},{\"name\":\"http\",\"status\":\"mocked\"},{\"name\":\"https\",\"status\":\"mocked\"},{\"name\":\"https\",\"status\":\"mocked\"},{\"name\":\"net\",\"status\":\"mocked\"}]"}}
[debug] [2020-11-04T04:29:50.405Z] [runtime-status] [18084] Resolved module firebase-functions {"declared":true,"installed":true,"version":"3.11.0","resolution":"/Users/chrispafiolis/Documents/GitHub/amazon-clone/functions/node_modules/firebase-functions/lib/index.js"} {"metadata":{"emulator":{"name":"functions"},"message":"[runtime-status] [18084] Resolved module firebase-functions {\"declared\":true,\"installed\":true,\"version\":\"3.11.0\",\"resolution\":\"/Users/chrispafiolis/Documents/GitHub/amazon-clone/functions/node_modules/firebase-functions/lib/index.js\"}"}}
[debug] [2020-11-04T04:29:50.430Z] [runtime-status] [18084] Checked functions.config() {"config":{}} {"metadata":{"emulator":{"name":"functions"},"message":"[runtime-status] [18084] Checked functions.config() {\"config\":{}}"}}
[debug] [2020-11-04T04:29:50.430Z] [runtime-status] [18084] firebase-functions has been stubbed. {"functionsResolution":{"declared":true,"installed":true,"version":"3.11.0","resolution":"/Users/chrispafiolis/Documents/GitHub/amazon-clone/functions/node_modules/firebase-functions/lib/index.js"}} {"metadata":{"emulator":{"name":"functions"},"message":"[runtime-status] [18084] firebase-functions has been stubbed. {\"functionsResolution\":{\"declared\":true,\"installed\":true,\"version\":\"3.11.0\",\"resolution\":\"/Users/chrispafiolis/Documents/GitHub/amazon-clone/functions/node_modules/firebase-functions/lib/index.js\"}}"}}
[debug] [2020-11-04T04:29:50.430Z] [runtime-status] [18084] Resolved module firebase-functions {"declared":true,"installed":true,"version":"3.11.0","resolution":"/Users/chrispafiolis/Documents/GitHub/amazon-clone/functions/node_modules/firebase-functions/lib/index.js"} {"metadata":{"emulator":{"name":"functions"},"message":"[runtime-status] [18084] Resolved module firebase-functions {\"declared\":true,\"installed\":true,\"version\":\"3.11.0\",\"resolution\":\"/Users/chrispafiolis/Documents/GitHub/amazon-clone/functions/node_modules/firebase-functions/lib/index.js\"}"}}
[debug] [2020-11-04T04:29:50.431Z] [runtime-status] [18084] Resolved module firebase-admin {"declared":true,"installed":true,"version":"9.3.0","resolution":"/Users/chrispafiolis/Documents/GitHub/amazon-clone/functions/node_modules/firebase-admin/lib/index.js"} {"metadata":{"emulator":{"name":"functions"},"message":"[runtime-status] [18084] Resolved module firebase-admin {\"declared\":true,\"installed\":true,\"version\":\"9.3.0\",\"resolution\":\"/Users/chrispafiolis/Documents/GitHub/amazon-clone/functions/node_modules/firebase-admin/lib/index.js\"}"}}
[debug] [2020-11-04T04:29:50.431Z] [runtime-status] [18084] Resolved module firebase-functions {"declared":true,"installed":true,"version":"3.11.0","resolution":"/Users/chrispafiolis/Documents/GitHub/amazon-clone/functions/node_modules/firebase-functions/lib/index.js"} {"metadata":{"emulator":{"name":"functions"},"message":"[runtime-status] [18084] Resolved module firebase-functions {\"declared\":true,\"installed\":true,\"version\":\"3.11.0\",\"resolution\":\"/Users/chrispafiolis/Documents/GitHub/amazon-clone/functions/node_modules/firebase-functions/lib/index.js\"}"}}
[debug] [2020-11-04T04:29:50.432Z] [runtime-status] [18084] firebase-admin has been stubbed. {"adminResolution":{"declared":true,"installed":true,"version":"9.3.0","resolution":"/Users/chrispafiolis/Documents/GitHub/amazon-clone/functions/node_modules/firebase-admin/lib/index.js"}} {"metadata":{"emulator":{"name":"functions"},"message":"[runtime-status] [18084] firebase-admin has been stubbed. {\"adminResolution\":{\"declared\":true,\"installed\":true,\"version\":\"9.3.0\",\"resolution\":\"/Users/chrispafiolis/Documents/GitHub/amazon-clone/functions/node_modules/firebase-admin/lib/index.js\"}}"}}
[debug] [2020-11-04T04:29:50.524Z] [worker-~diagnostic~-0aa55fa8-0fd7-473e-a03f-fd5f555d61e1]: IDLE {"metadata":{"emulator":{"name":"functions"},"message":"[worker-~diagnostic~-0aa55fa8-0fd7-473e-a03f-fd5f555d61e1]: IDLE"}}
[debug] [2020-11-04T04:35:15.552Z] [work-queue] {"queueLength":1,"workRunningCount":0}
[debug] [2020-11-04T04:35:15.552Z] [work-queue] {"queueLength":0,"workRunningCount":1}
[debug] [2020-11-04T04:35:15.552Z] Accepted request POST /clone-61bbc/us-central1/api/payments/create?total=0 --> api
[debug] [2020-11-04T04:35:15.552Z] [worker-pool] Cleaned up workers for ~diagnostic~: 2 --> 1 {"metadata":{"emulator":{"name":"functions"},"message":"[worker-pool] Cleaned up workers for ~diagnostic~: 2 --> 1"}}
[debug] [2020-11-04T04:35:15.553Z] [worker-pool] Cleaned up workers for api: 1 --> 0 {"metadata":{"emulator":{"name":"functions"},"message":"[worker-pool] Cleaned up workers for api: 1 --> 0"}}
[debug] [2020-11-04T04:35:15.559Z] [worker-pool] addWorker(api) {"metadata":{"emulator":{"name":"functions"},"message":"[worker-pool] addWorker(api)"}}
[debug] [2020-11-04T04:35:15.559Z] [worker-pool] Adding worker with key api, total=1 {"metadata":{"emulator":{"name":"functions"},"message":"[worker-pool] Adding worker with key api, total=1"}}
[debug] [2020-11-04T04:35:15.559Z] [worker-pool] submitWork(triggerId=api) {"metadata":{"emulator":{"name":"functions"},"message":"[worker-pool] submitWork(triggerId=api)"}}
[debug] [2020-11-04T04:35:15.559Z] [worker-api-122a92c7-bed5-42fe-9113-3ad1ba31de54]: Assigning socketPath: /var/folders/d3/k25l41q57mq33qx3rdd50whh0000gn/T/fire_emu_18257.sock {"metadata":{"emulator":{"name":"functions"},"message":"[worker-api-122a92c7-bed5-42fe-9113-3ad1ba31de54]: Assigning socketPath: /var/folders/d3/k25l41q57mq33qx3rdd50whh0000gn/T/fire_emu_18257.sock"}}
[debug] [2020-11-04T04:35:15.559Z] [worker-api-122a92c7-bed5-42fe-9113-3ad1ba31de54]: BUSY {"metadata":{"emulator":{"name":"functions"},"message":"[worker-api-122a92c7-bed5-42fe-9113-3ad1ba31de54]: BUSY"}}
[debug] [2020-11-04T04:35:16.223Z] [runtime-status] [18257] Functions runtime initialized. {"cwd":"/Users/chrispafiolis/Documents/GitHub/amazon-clone/functions","node_version":"12.19.0"} {"metadata":{"emulator":{"name":"functions"},"function":{"name":"api"},"message":"[runtime-status] [18257] Functions runtime initialized. {\"cwd\":\"/Users/chrispafiolis/Documents/GitHub/amazon-clone/functions\",\"node_version\":\"12.19.0\"}"}}
[debug] [2020-11-04T04:35:16.225Z] [runtime-status] [18257] Disabled runtime features: undefined {"metadata":{"emulator":{"name":"functions"},"function":{"name":"api"},"message":"[runtime-status] [18257] Disabled runtime features: undefined"}}
[debug] [2020-11-04T04:35:16.229Z] [runtime-status] [18257] Resolved module firebase-admin {"declared":true,"installed":true,"version":"9.3.0","resolution":"/Users/chrispafiolis/Documents/GitHub/amazon-clone/functions/node_modules/firebase-admin/lib/index.js"} {"metadata":{"emulator":{"name":"functions"},"function":{"name":"api"},"message":"[runtime-status] [18257] Resolved module firebase-admin {\"declared\":true,\"installed\":true,\"version\":\"9.3.0\",\"resolution\":\"/Users/chrispafiolis/Documents/GitHub/amazon-clone/functions/node_modules/firebase-admin/lib/index.js\"}"}}
[debug] [2020-11-04T04:35:16.231Z] [runtime-status] [18257] Resolved module firebase-functions {"declared":true,"installed":true,"version":"3.11.0","resolution":"/Users/chrispafiolis/Documents/GitHub/amazon-clone/functions/node_modules/firebase-functions/lib/index.js"} {"metadata":{"emulator":{"name":"functions"},"function":{"name":"api"},"message":"[runtime-status] [18257] Resolved module firebase-functions {\"declared\":true,\"installed\":true,\"version\":\"3.11.0\",\"resolution\":\"/Users/chrispafiolis/Documents/GitHub/amazon-clone/functions/node_modules/firebase-functions/lib/index.js\"}"}}
[debug] [2020-11-04T04:35:16.232Z] [runtime-status] [18257] Resolved module firebase-functions {"declared":true,"installed":true,"version":"3.11.0","resolution":"/Users/chrispafiolis/Documents/GitHub/amazon-clone/functions/node_modules/firebase-functions/lib/index.js"} {"metadata":{"emulator":{"name":"functions"},"function":{"name":"api"},"message":"[runtime-status] [18257] Resolved module firebase-functions {\"declared\":true,\"installed\":true,\"version\":\"3.11.0\",\"resolution\":\"/Users/chrispafiolis/Documents/GitHub/amazon-clone/functions/node_modules/firebase-functions/lib/index.js\"}"}}
[debug] [2020-11-04T04:35:16.235Z] [runtime-status] [18257] Outgoing network have been stubbed. [{"name":"http","status":"mocked"},{"name":"http","status":"mocked"},{"name":"https","status":"mocked"},{"name":"https","status":"mocked"},{"name":"net","status":"mocked"}] {"metadata":{"emulator":{"name":"functions"},"function":{"name":"api"},"message":"[runtime-status] [18257] Outgoing network have been stubbed. [{\"name\":\"http\",\"status\":\"mocked\"},{\"name\":\"http\",\"status\":\"mocked\"},{\"name\":\"https\",\"status\":\"mocked\"},{\"name\":\"https\",\"status\":\"mocked\"},{\"name\":\"net\",\"status\":\"mocked\"}]"}}
[debug] [2020-11-04T04:35:16.236Z] [runtime-status] [18257] Resolved module firebase-functions {"declared":true,"installed":true,"version":"3.11.0","resolution":"/Users/chrispafiolis/Documents/GitHub/amazon-clone/functions/node_modules/firebase-functions/lib/index.js"} {"metadata":{"emulator":{"name":"functions"},"function":{"name":"api"},"message":"[runtime-status] [18257] Resolved module firebase-functions {\"declared\":true,\"installed\":true,\"version\":\"3.11.0\",\"resolution\":\"/Users/chrispafiolis/Documents/GitHub/amazon-clone/functions/node_modules/firebase-functions/lib/index.js\"}"}}
[debug] [2020-11-04T04:35:16.431Z] [runtime-status] [18257] Checked functions.config() {"config":{}} {"metadata":{"emulator":{"name":"functions"},"function":{"name":"api"},"message":"[runtime-status] [18257] Checked functions.config() {\"config\":{}}"}}
[debug] [2020-11-04T04:35:16.431Z] [runtime-status] [18257] firebase-functions has been stubbed. {"functionsResolution":{"declared":true,"installed":true,"version":"3.11.0","resolution":"/Users/chrispafiolis/Documents/GitHub/amazon-clone/functions/node_modules/firebase-functions/lib/index.js"}} {"metadata":{"emulator":{"name":"functions"},"function":{"name":"api"},"message":"[runtime-status] [18257] firebase-functions has been stubbed. {\"functionsResolution\":{\"declared\":true,\"installed\":true,\"version\":\"3.11.0\",\"resolution\":\"/Users/chrispafiolis/Documents/GitHub/amazon-clone/functions/node_modules/firebase-functions/lib/index.js\"}}"}}
[debug] [2020-11-04T04:35:16.432Z] [runtime-status] [18257] Resolved module firebase-functions {"declared":true,"installed":true,"version":"3.11.0","resolution":"/Users/chrispafiolis/Documents/GitHub/amazon-clone/functions/node_modules/firebase-functions/lib/index.js"} {"metadata":{"emulator":{"name":"functions"},"function":{"name":"api"},"message":"[runtime-status] [18257] Resolved module firebase-functions {\"declared\":true,\"installed\":true,\"version\":\"3.11.0\",\"resolution\":\"/Users/chrispafiolis/Documents/GitHub/amazon-clone/functions/node_modules/firebase-functions/lib/index.js\"}"}}
[debug] [2020-11-04T04:35:16.433Z] [runtime-status] [18257] Resolved module firebase-admin {"declared":true,"installed":true,"version":"9.3.0","resolution":"/Users/chrispafiolis/Documents/GitHub/amazon-clone/functions/node_modules/firebase-admin/lib/index.js"} {"metadata":{"emulator":{"name":"functions"},"function":{"name":"api"},"message":"[runtime-status] [18257] Resolved module firebase-admin {\"declared\":true,\"installed\":true,\"version\":\"9.3.0\",\"resolution\":\"/Users/chrispafiolis/Documents/GitHub/amazon-clone/functions/node_modules/firebase-admin/lib/index.js\"}"}}
[debug] [2020-11-04T04:35:16.434Z] [runtime-status] [18257] Resolved module firebase-functions {"declared":true,"installed":true,"version":"3.11.0","resolution":"/Users/chrispafiolis/Documents/GitHub/amazon-clone/functions/node_modules/firebase-functions/lib/index.js"} {"metadata":{"emulator":{"name":"functions"},"function":{"name":"api"},"message":"[runtime-status] [18257] Resolved module firebase-functions {\"declared\":true,\"installed\":true,\"version\":\"3.11.0\",\"resolution\":\"/Users/chrispafiolis/Documents/GitHub/amazon-clone/functions/node_modules/firebase-functions/lib/index.js\"}"}}
[debug] [2020-11-04T04:35:16.434Z] [runtime-status] [18257] firebase-admin has been stubbed. {"adminResolution":{"declared":true,"installed":true,"version":"9.3.0","resolution":"/Users/chrispafiolis/Documents/GitHub/amazon-clone/functions/node_modules/firebase-admin/lib/index.js"}} {"metadata":{"emulator":{"name":"functions"},"function":{"name":"api"},"message":"[runtime-status] [18257] firebase-admin has been stubbed. {\"adminResolution\":{\"declared\":true,\"installed\":true,\"version\":\"9.3.0\",\"resolution\":\"/Users/chrispafiolis/Documents/GitHub/amazon-clone/functions/node_modules/firebase-admin/lib/index.js\"}}"}}
[debug] [2020-11-04T04:35:16.629Z] [runtime-status] [18257] Trigger "api" has been found, beginning invocation! {"metadata":{"emulator":{"name":"functions"},"function":{"name":"api"},"message":"[runtime-status] [18257] Trigger \"api\" has been found, beginning invocation!"}}
[info] i  functions: Beginning execution of "api" {"metadata":{"emulator":{"name":"functions"},"function":{"name":"api"},"message":"Beginning execution of \"api\""}}
[debug] [2020-11-04T04:35:16.630Z] [runtime-status] [18257] triggerDefinition {"httpsTrigger":{},"name":"api","entryPoint":"api"} {"metadata":{"emulator":{"name":"functions"},"function":{"name":"api"},"message":"[runtime-status] [18257] triggerDefinition {\"httpsTrigger\":{},\"name\":\"api\",\"entryPoint\":\"api\"}"}}
[debug] [2020-11-04T04:35:16.630Z] [runtime-status] [18257] Running api in mode HTTPS {"metadata":{"emulator":{"name":"functions"},"function":{"name":"api"},"message":"[runtime-status] [18257] Running api in mode HTTPS"}}
[debug] [2020-11-04T04:35:16.635Z] [runtime-status] [18257] Attempting to listen to socketPath: /var/folders/d3/k25l41q57mq33qx3rdd50whh0000gn/T/fire_emu_18257.sock {"metadata":{"emulator":{"name":"functions"},"function":{"name":"api"},"message":"[runtime-status] [18257] Attempting to listen to socketPath: /var/folders/d3/k25l41q57mq33qx3rdd50whh0000gn/T/fire_emu_18257.sock"}}
[debug] [2020-11-04T04:35:16.637Z] [functions] Runtime ready! Sending request! {"metadata":{"emulator":{"name":"functions"},"message":"[functions] Runtime ready! Sending request!"}}
[debug] [2020-11-04T04:35:16.644Z] [runtime-status] [18257] Ephemeral server handling POST request {"metadata":{"emulator":{"name":"functions"},"function":{"name":"api"},"message":"[runtime-status] [18257] Ephemeral server handling POST request"}}
[info] >  Payment Request Recieved BOOM!!! for this amount >>>  0 {"user":"Payment Request Recieved BOOM!!! for this amount >>>  0","metadata":{"emulator":{"name":"functions"},"function":{"name":"api"},"message":"\u001b[90m> \u001b[39m Payment Request Recieved BOOM!!! for this amount >>>  0"}}
[debug] [2020-11-04T04:35:16.661Z] [runtime-status] [18257] Ephemeral server survived. {"metadata":{"emulator":{"name":"functions"},"function":{"name":"api"},"message":"[runtime-status] [18257] Ephemeral server survived."}}
[info] >  (node:18257) UnhandledPromiseRejectionWarning: Error: This value must be greater than or equal to 1. {"user":"(node:18257) UnhandledPromiseRejectionWarning: Error: This value must be greater than or equal to 1.","metadata":{"emulator":{"name":"functions"},"function":{"name":"api"},"message":"\u001b[90m> \u001b[39m (node:18257) UnhandledPromiseRejectionWarning: Error: This value must be greater than or equal to 1."}}
[info] >      at Function.generate (/Users/chrispafiolis/Documents/GitHub/amazon-clone/functions/node_modules/stripe/lib/Error.js:39:16) {"user":"    at Function.generate (/Users/chrispafiolis/Documents/GitHub/amazon-clone/functions/node_modules/stripe/lib/Error.js:39:16)","metadata":{"emulator":{"name":"functions"},"function":{"name":"api"},"message":"\u001b[90m> \u001b[39m     at Function.generate (/Users/chrispafiolis/Documents/GitHub/amazon-clone/functions/node_modules/stripe/lib/Error.js:39:16)"}}
[info] >      at IncomingMessage.<anonymous> (/Users/chrispafiolis/Documents/GitHub/amazon-clone/functions/node_modules/stripe/lib/StripeResource.js:190:33) {"user":"    at IncomingMessage.<anonymous> (/Users/chrispafiolis/Documents/GitHub/amazon-clone/functions/node_modules/stripe/lib/StripeResource.js:190:33)","metadata":{"emulator":{"name":"functions"},"function":{"name":"api"},"message":"\u001b[90m> \u001b[39m     at IncomingMessage.<anonymous> (/Users/chrispafiolis/Documents/GitHub/amazon-clone/functions/node_modules/stripe/lib/StripeResource.js:190:33)"}}
[info] >      at Object.onceWrapper (events.js:420:28) {"user":"    at Object.onceWrapper (events.js:420:28)","metadata":{"emulator":{"name":"functions"},"function":{"name":"api"},"message":"\u001b[90m> \u001b[39m     at Object.onceWrapper (events.js:420:28)"}}
[info] >      at IncomingMessage.emit (events.js:326:22) {"user":"    at IncomingMessage.emit (events.js:326:22)","metadata":{"emulator":{"name":"functions"},"function":{"name":"api"},"message":"\u001b[90m> \u001b[39m     at IncomingMessage.emit (events.js:326:22)"}}
[info] >      at endReadableNT (_stream_readable.js:1223:12) {"user":"    at endReadableNT (_stream_readable.js:1223:12)","metadata":{"emulator":{"name":"functions"},"function":{"name":"api"},"message":"\u001b[90m> \u001b[39m     at endReadableNT (_stream_readable.js:1223:12)"}}
[info] >      at processTicksAndRejections (internal/process/task_queues.js:84:21) {"user":"    at processTicksAndRejections (internal/process/task_queues.js:84:21)","metadata":{"emulator":{"name":"functions"},"function":{"name":"api"},"message":"\u001b[90m> \u001b[39m     at processTicksAndRejections (internal/process/task_queues.js:84:21)"}}
[info] >  (node:18257) UnhandledPromiseRejectionWarning: Unhandled promise rejection. This error originated either by throwing inside of an async function without a catch block, or by rejecting a promise which was not handled with .catch(). To terminate the node process on unhandled promise rejection, use the CLI flag `--unhandled-rejections=strict` (see https://nodejs.org/api/cli.html#cli_unhandled_rejections_mode). (rejection id: 1) {"user":"(node:18257) UnhandledPromiseRejectionWarning: Unhandled promise rejection. This error originated either by throwing inside of an async function without a catch block, or by rejecting a promise which was not handled with .catch(). To terminate the node process on unhandled promise rejection, use the CLI flag `--unhandled-rejections=strict` (see https://nodejs.org/api/cli.html#cli_unhandled_rejections_mode). (rejection id: 1)","metadata":{"emulator":{"name":"functions"},"function":{"name":"api"},"message":"\u001b[90m> \u001b[39m (node:18257) UnhandledPromiseRejectionWarning: Unhandled promise rejection. This error originated either by throwing inside of an async function without a catch block, or by rejecting a promise which was not handled with .catch(). To terminate the node process on unhandled promise rejection, use the CLI flag `--unhandled-rejections=strict` (see https://nodejs.org/api/cli.html#cli_unhandled_rejections_mode). (rejection id: 1)"}}
[info] >  (node:18257) [DEP0018] DeprecationWarning: Unhandled promise rejections are deprecated. In the future, promise rejections that are not handled will terminate the Node.js process with a non-zero exit code. {"user":"(node:18257) [DEP0018] DeprecationWarning: Unhandled promise rejections are deprecated. In the future, promise rejections that are not handled will terminate the Node.js process with a non-zero exit code.","metadata":{"emulator":{"name":"functions"},"function":{"name":"api"},"message":"\u001b[90m> \u001b[39m (node:18257) [DEP0018] DeprecationWarning: Unhandled promise rejections are deprecated. In the future, promise rejections that are not handled will terminate the Node.js process with a non-zero exit code."}}
[debug] [2020-11-04T04:35:27.437Z] [work-queue] {"queueLength":1,"workRunningCount":1}
[debug] [2020-11-04T04:35:27.437Z] [work-queue] {"queueLength":0,"workRunningCount":2}
[debug] [2020-11-04T04:35:27.437Z] Accepted request POST /clone-61bbc/us-central1/api/payments/create?total=9999 --> api
[debug] [2020-11-04T04:35:27.450Z] [worker-pool] addWorker(api) {"metadata":{"emulator":{"name":"functions"},"message":"[worker-pool] addWorker(api)"}}
[debug] [2020-11-04T04:35:27.450Z] [worker-pool] Adding worker with key api, total=2 {"metadata":{"emulator":{"name":"functions"},"message":"[worker-pool] Adding worker with key api, total=2"}}
[debug] [2020-11-04T04:35:27.451Z] [worker-pool] submitWork(triggerId=api) {"metadata":{"emulator":{"name":"functions"},"message":"[worker-pool] submitWork(triggerId=api)"}}
[debug] [2020-11-04T04:35:27.451Z] [worker-api-c24e5b34-f893-44ba-be21-97ff84d33dbe]: Assigning socketPath: /var/folders/d3/k25l41q57mq33qx3rdd50whh0000gn/T/fire_emu_18262.sock {"metadata":{"emulator":{"name":"functions"},"message":"[worker-api-c24e5b34-f893-44ba-be21-97ff84d33dbe]: Assigning socketPath: /var/folders/d3/k25l41q57mq33qx3rdd50whh0000gn/T/fire_emu_18262.sock"}}
[debug] [2020-11-04T04:35:27.451Z] [worker-api-c24e5b34-f893-44ba-be21-97ff84d33dbe]: BUSY {"metadata":{"emulator":{"name":"functions"},"message":"[worker-api-c24e5b34-f893-44ba-be21-97ff84d33dbe]: BUSY"}}
[debug] [2020-11-04T04:35:27.812Z] [runtime-status] [18262] Functions runtime initialized. {"cwd":"/Users/chrispafiolis/Documents/GitHub/amazon-clone/functions","node_version":"12.19.0"} {"metadata":{"emulator":{"name":"functions"},"function":{"name":"api"},"message":"[runtime-status] [18262] Functions runtime initialized. {\"cwd\":\"/Users/chrispafiolis/Documents/GitHub/amazon-clone/functions\",\"node_version\":\"12.19.0\"}"}}
[debug] [2020-11-04T04:35:27.816Z] [runtime-status] [18262] Disabled runtime features: undefined {"metadata":{"emulator":{"name":"functions"},"function":{"name":"api"},"message":"[runtime-status] [18262] Disabled runtime features: undefined"}}
[debug] [2020-11-04T04:35:27.822Z] [runtime-status] [18262] Resolved module firebase-admin {"declared":true,"installed":true,"version":"9.3.0","resolution":"/Users/chrispafiolis/Documents/GitHub/amazon-clone/functions/node_modules/firebase-admin/lib/index.js"} {"metadata":{"emulator":{"name":"functions"},"function":{"name":"api"},"message":"[runtime-status] [18262] Resolved module firebase-admin {\"declared\":true,\"installed\":true,\"version\":\"9.3.0\",\"resolution\":\"/Users/chrispafiolis/Documents/GitHub/amazon-clone/functions/node_modules/firebase-admin/lib/index.js\"}"}}
[debug] [2020-11-04T04:35:27.828Z] [runtime-status] [18262] Resolved module firebase-functions {"declared":true,"installed":true,"version":"3.11.0","resolution":"/Users/chrispafiolis/Documents/GitHub/amazon-clone/functions/node_modules/firebase-functions/lib/index.js"} {"metadata":{"emulator":{"name":"functions"},"function":{"name":"api"},"message":"[runtime-status] [18262] Resolved module firebase-functions {\"declared\":true,\"installed\":true,\"version\":\"3.11.0\",\"resolution\":\"/Users/chrispafiolis/Documents/GitHub/amazon-clone/functions/node_modules/firebase-functions/lib/index.js\"}"}}
[debug] [2020-11-04T04:35:27.833Z] [runtime-status] [18262] Resolved module firebase-functions {"declared":true,"installed":true,"version":"3.11.0","resolution":"/Users/chrispafiolis/Documents/GitHub/amazon-clone/functions/node_modules/firebase-functions/lib/index.js"} {"metadata":{"emulator":{"name":"functions"},"function":{"name":"api"},"message":"[runtime-status] [18262] Resolved module firebase-functions {\"declared\":true,\"installed\":true,\"version\":\"3.11.0\",\"resolution\":\"/Users/chrispafiolis/Documents/GitHub/amazon-clone/functions/node_modules/firebase-functions/lib/index.js\"}"}}
[debug] [2020-11-04T04:35:27.834Z] [runtime-status] [18262] Outgoing network have been stubbed. [{"name":"http","status":"mocked"},{"name":"http","status":"mocked"},{"name":"https","status":"mocked"},{"name":"https","status":"mocked"},{"name":"net","status":"mocked"}] {"metadata":{"emulator":{"name":"functions"},"function":{"name":"api"},"message":"[runtime-status] [18262] Outgoing network have been stubbed. [{\"name\":\"http\",\"status\":\"mocked\"},{\"name\":\"http\",\"status\":\"mocked\"},{\"name\":\"https\",\"status\":\"mocked\"},{\"name\":\"https\",\"status\":\"mocked\"},{\"name\":\"net\",\"status\":\"mocked\"}]"}}
[debug] [2020-11-04T04:35:27.835Z] [runtime-status] [18262] Resolved module firebase-functions {"declared":true,"installed":true,"version":"3.11.0","resolution":"/Users/chrispafiolis/Documents/GitHub/amazon-clone/functions/node_modules/firebase-functions/lib/index.js"} {"metadata":{"emulator":{"name":"functions"},"function":{"name":"api"},"message":"[runtime-status] [18262] Resolved module firebase-functions {\"declared\":true,\"installed\":true,\"version\":\"3.11.0\",\"resolution\":\"/Users/chrispafiolis/Documents/GitHub/amazon-clone/functions/node_modules/firebase-functions/lib/index.js\"}"}}
[debug] [2020-11-04T04:35:27.869Z] [runtime-status] [18262] Checked functions.config() {"config":{}} {"metadata":{"emulator":{"name":"functions"},"function":{"name":"api"},"message":"[runtime-status] [18262] Checked functions.config() {\"config\":{}}"}}
[debug] [2020-11-04T04:35:27.870Z] [runtime-status] [18262] firebase-functions has been stubbed. {"functionsResolution":{"declared":true,"installed":true,"version":"3.11.0","resolution":"/Users/chrispafiolis/Documents/GitHub/amazon-clone/functions/node_modules/firebase-functions/lib/index.js"}} {"metadata":{"emulator":{"name":"functions"},"function":{"name":"api"},"message":"[runtime-status] [18262] firebase-functions has been stubbed. {\"functionsResolution\":{\"declared\":true,\"installed\":true,\"version\":\"3.11.0\",\"resolution\":\"/Users/chrispafiolis/Documents/GitHub/amazon-clone/functions/node_modules/firebase-functions/lib/index.js\"}}"}}
[debug] [2020-11-04T04:35:27.870Z] [runtime-status] [18262] Resolved module firebase-functions {"declared":true,"installed":true,"version":"3.11.0","resolution":"/Users/chrispafiolis/Documents/GitHub/amazon-clone/functions/node_modules/firebase-functions/lib/index.js"} {"metadata":{"emulator":{"name":"functions"},"function":{"name":"api"},"message":"[runtime-status] [18262] Resolved module firebase-functions {\"declared\":true,\"installed\":true,\"version\":\"3.11.0\",\"resolution\":\"/Users/chrispafiolis/Documents/GitHub/amazon-clone/functions/node_modules/firebase-functions/lib/index.js\"}"}}
[debug] [2020-11-04T04:35:27.871Z] [runtime-status] [18262] Resolved module firebase-admin {"declared":true,"installed":true,"version":"9.3.0","resolution":"/Users/chrispafiolis/Documents/GitHub/amazon-clone/functions/node_modules/firebase-admin/lib/index.js"} {"metadata":{"emulator":{"name":"functions"},"function":{"name":"api"},"message":"[runtime-status] [18262] Resolved module firebase-admin {\"declared\":true,\"installed\":true,\"version\":\"9.3.0\",\"resolution\":\"/Users/chrispafiolis/Documents/GitHub/amazon-clone/functions/node_modules/firebase-admin/lib/index.js\"}"}}
[debug] [2020-11-04T04:35:27.871Z] [runtime-status] [18262] Resolved module firebase-functions {"declared":true,"installed":true,"version":"3.11.0","resolution":"/Users/chrispafiolis/Documents/GitHub/amazon-clone/functions/node_modules/firebase-functions/lib/index.js"} {"metadata":{"emulator":{"name":"functions"},"function":{"name":"api"},"message":"[runtime-status] [18262] Resolved module firebase-functions {\"declared\":true,\"installed\":true,\"version\":\"3.11.0\",\"resolution\":\"/Users/chrispafiolis/Documents/GitHub/amazon-clone/functions/node_modules/firebase-functions/lib/index.js\"}"}}
[debug] [2020-11-04T04:35:27.871Z] [runtime-status] [18262] firebase-admin has been stubbed. {"adminResolution":{"declared":true,"installed":true,"version":"9.3.0","resolution":"/Users/chrispafiolis/Documents/GitHub/amazon-clone/functions/node_modules/firebase-admin/lib/index.js"}} {"metadata":{"emulator":{"name":"functions"},"function":{"name":"api"},"message":"[runtime-status] [18262] firebase-admin has been stubbed. {\"adminResolution\":{\"declared\":true,\"installed\":true,\"version\":\"9.3.0\",\"resolution\":\"/Users/chrispafiolis/Documents/GitHub/amazon-clone/functions/node_modules/firebase-admin/lib/index.js\"}}"}}
[debug] [2020-11-04T04:35:27.962Z] [runtime-status] [18262] Trigger "api" has been found, beginning invocation! {"metadata":{"emulator":{"name":"functions"},"function":{"name":"api"},"message":"[runtime-status] [18262] Trigger \"api\" has been found, beginning invocation!"}}
[info] i  functions: Beginning execution of "api" {"metadata":{"emulator":{"name":"functions"},"function":{"name":"api"},"message":"Beginning execution of \"api\""}}
[debug] [2020-11-04T04:35:27.963Z] [runtime-status] [18262] triggerDefinition {"httpsTrigger":{},"name":"api","entryPoint":"api"} {"metadata":{"emulator":{"name":"functions"},"function":{"name":"api"},"message":"[runtime-status] [18262] triggerDefinition {\"httpsTrigger\":{},\"name\":\"api\",\"entryPoint\":\"api\"}"}}
[debug] [2020-11-04T04:35:27.963Z] [runtime-status] [18262] Running api in mode HTTPS {"metadata":{"emulator":{"name":"functions"},"function":{"name":"api"},"message":"[runtime-status] [18262] Running api in mode HTTPS"}}
[debug] [2020-11-04T04:35:27.968Z] [runtime-status] [18262] Attempting to listen to socketPath: /var/folders/d3/k25l41q57mq33qx3rdd50whh0000gn/T/fire_emu_18262.sock {"metadata":{"emulator":{"name":"functions"},"function":{"name":"api"},"message":"[runtime-status] [18262] Attempting to listen to socketPath: /var/folders/d3/k25l41q57mq33qx3rdd50whh0000gn/T/fire_emu_18262.sock"}}
[debug] [2020-11-04T04:35:27.970Z] [functions] Runtime ready! Sending request! {"metadata":{"emulator":{"name":"functions"},"message":"[functions] Runtime ready! Sending request!"}}
[debug] [2020-11-04T04:35:27.976Z] [runtime-status] [18262] Ephemeral server handling POST request {"metadata":{"emulator":{"name":"functions"},"function":{"name":"api"},"message":"[runtime-status] [18262] Ephemeral server handling POST request"}}
[info] >  Payment Request Recieved BOOM!!! for this amount >>>  9999 {"user":"Payment Request Recieved BOOM!!! for this amount >>>  9999","metadata":{"emulator":{"name":"functions"},"function":{"name":"api"},"message":"\u001b[90m> \u001b[39m Payment Request Recieved BOOM!!! for this amount >>>  9999"}}
[debug] [2020-11-04T04:35:27.986Z] [runtime-status] [18262] Ephemeral server survived. {"metadata":{"emulator":{"name":"functions"},"function":{"name":"api"},"message":"[runtime-status] [18262] Ephemeral server survived."}}
[info] i  functions: Finished "api" in ~1s {"metadata":{"emulator":{"name":"functions"},"function":{"name":"api"},"message":"Finished \"api\" in ~1s"}}
[debug] [2020-11-04T04:35:28.289Z] [worker-api-c24e5b34-f893-44ba-be21-97ff84d33dbe]: IDLE {"metadata":{"emulator":{"name":"functions"},"message":"[worker-api-c24e5b34-f893-44ba-be21-97ff84d33dbe]: IDLE"}}
[debug] [2020-11-04T04:35:28.290Z] [work-queue] {"queueLength":0,"workRunningCount":1}
[warn] ⚠  functions: Your function timed out after ~60s. To configure this timeout, see
      https://firebase.google.com/docs/functions/manage-functions#set_timeout_and_memory_allocation. {"metadata":{"emulator":{"name":"functions"},"function":{"name":"api"},"message":"Your function timed out after ~60s. To configure this timeout, see\n      https://firebase.google.com/docs/functions/manage-functions#set_timeout_and_memory_allocation."}}
[info] >  /usr/local/lib/node_modules/firebase-tools/lib/emulator/functionsEmulatorRuntime.js:660 {"user":"/usr/local/lib/node_modules/firebase-tools/lib/emulator/functionsEmulatorRuntime.js:660","metadata":{"emulator":{"name":"functions"},"function":{"name":"api"},"message":"\u001b[90m> \u001b[39m /usr/local/lib/node_modules/firebase-tools/lib/emulator/functionsEmulatorRuntime.js:660"}}
[info] >                  throw new Error("Function timed out."); {"user":"                throw new Error(\"Function timed out.\");","metadata":{"emulator":{"name":"functions"},"function":{"name":"api"},"message":"\u001b[90m> \u001b[39m                 throw new Error(\"Function timed out.\");"}}
[info] >                  ^ {"user":"                ^","metadata":{"emulator":{"name":"functions"},"function":{"name":"api"},"message":"\u001b[90m> \u001b[39m                 ^"}}
[info] >   {"user":"","metadata":{"emulator":{"name":"functions"},"function":{"name":"api"},"message":"\u001b[90m> \u001b[39m "}}
[info] >  Error: Function timed out. {"user":"Error: Function timed out.","metadata":{"emulator":{"name":"functions"},"function":{"name":"api"},"message":"\u001b[90m> \u001b[39m Error: Function timed out."}}
[info] >      at Timeout._onTimeout (/usr/local/lib/node_modules/firebase-tools/lib/emulator/functionsEmulatorRuntime.js:660:23) {"user":"    at Timeout._onTimeout (/usr/local/lib/node_modules/firebase-tools/lib/emulator/functionsEmulatorRuntime.js:660:23)","metadata":{"emulator":{"name":"functions"},"function":{"name":"api"},"message":"\u001b[90m> \u001b[39m     at Timeout._onTimeout (/usr/local/lib/node_modules/firebase-tools/lib/emulator/functionsEmulatorRuntime.js:660:23)"}}
[info] >      at listOnTimeout (internal/timers.js:554:17) {"user":"    at listOnTimeout (internal/timers.js:554:17)","metadata":{"emulator":{"name":"functions"},"function":{"name":"api"},"message":"\u001b[90m> \u001b[39m     at listOnTimeout (internal/timers.js:554:17)"}}
[info] >      at processTimers (internal/timers.js:497:7) {"user":"    at processTimers (internal/timers.js:497:7)","metadata":{"emulator":{"name":"functions"},"function":{"name":"api"},"message":"\u001b[90m> \u001b[39m     at processTimers (internal/timers.js:497:7)"}}
[debug] [2020-11-04T04:36:16.652Z] [worker-api-122a92c7-bed5-42fe-9113-3ad1ba31de54]: exited {"metadata":{"emulator":{"name":"functions"},"message":"[worker-api-122a92c7-bed5-42fe-9113-3ad1ba31de54]: exited"}}
[debug] [2020-11-04T04:36:16.653Z] [worker-api-122a92c7-bed5-42fe-9113-3ad1ba31de54]: FINISHED {"metadata":{"emulator":{"name":"functions"},"message":"[worker-api-122a92c7-bed5-42fe-9113-3ad1ba31de54]: FINISHED"}}
[debug] [2020-11-04T04:36:16.653Z] [work-queue] {"queueLength":0,"workRunningCount":0}
